C51 COMPILER V9.01   DELAY                                                                 07/18/2018 13:30:51 PAGE 1   


C51 COMPILER V9.01, COMPILATION OF MODULE DELAY
OBJECT MODULE PLACED IN delay.OBJ
COMPILER INVOKED BY: E:\keil4\C51\BIN\C51.EXE delay.c LARGE BROWSE DEBUG OBJECTEXTEND

line level    source

   1          #include "DELAY.H"
   2          
   3          void delay(int xms)
   4          {
   5   1              int i,j;
   6   1              for(i=xms;i>0;i--)
   7   1                      for(j=110;j>0;j--);
   8   1      }


MODULE INFORMATION:   STATIC OVERLAYABLE
   CODE SIZE        =     32    ----
   CONSTANT SIZE    =   ----    ----
   XDATA SIZE       =   ----    ----
   PDATA SIZE       =   ----    ----
   DATA SIZE        =   ----    ----
   IDATA SIZE       =   ----    ----
   BIT SIZE         =   ----    ----
END OF MODULE INFORMATION.


C51 COMPILATION COMPLETE.  0 WARNING(S),  0 ERROR(S)
