C51 COMPILER V9.54   TIME                                                                  06/01/2023 19:44:54 PAGE 1   


C51 COMPILER V9.54, COMPILATION OF MODULE TIME
OBJECT MODULE PLACED IN time.OBJ
COMPILER INVOKED BY: C:\Keil_v5\C51\BIN\C51.EXE time.c LARGE OPTIMIZE(8,SPEED) BROWSE DEBUG OBJECTEXTEND

line level    source

   1          #include "TIME.H"        
   2          u16 ds_w=0,ds=0,wb=0,wb_w=0,js=0;                  //,js_w=0,TH_1=0,TL_1=0
   3          u8 TL_0=0,TH_0=0;
   4          f32 zhou =0.0;
   5          extern bit qie;
   6          void init()  //初始化函数
   7          {
   8   1              AUXR |= 0x80;           //定时器时钟1T模式
   9   1              TMOD = 0X51;//TMOD=0x51 5T1 16位计数器 1T0 16定时器
  10   1              TH0  = 0;       //高6.5535ms*152=996.132ms
  11   1              TL0  = 0;       //低
  12   1              TH1  = 0;
  13   1              TL1  = 0;
  14   1              TR1  = 1;       //定时器1 开关
  15   1              TR0  = 1;       //定时器0 开关
  16   1              ET0  = 1;       //允许T0 中断
  17   1              ET1  = 1;       //允许T1 中断
  18   1              IT0  = 1;       //外部中断0下降沿中断
  19   1              EX0  = 1;       //外部中断0允许
  20   1              EA   = 1;       //允许所有中断           
  21   1      }
  22          
  23          void time_0()interrupt 1 //T0 定时器  152
  24          {       
  25   1              ds++;
  26   1      //      if(ds==337&&qie==1)
  27   1      //      {
  28   1      //              zhou=(js*65535)+TH1*256+TL1;
  29   1      //              TH1=TL1=0; 
  30   1      //              js=0;
  31   1      //      }
  32   1      //              ds=0;
  33   1      //              wb=0;                           
  34   1      }
  35          void int_0()interrupt 0 //外部中断
  36          {
  37   1              wb++;
  38   1              if(ds>=100)
  39   1              {
  40   2                      TL_0=TL0;
  41   2                      TL0=0;
  42   2                      TH_0=TH0;
  43   2                      TH0=0;
  44   2                      ds_w=ds;
  45   2                      ds=0;
  46   2                      wb_w=wb;
  47   2                      wb=0;
  48   2              }               
  49   1      }
  50          void time_1()interrupt 3 //T1 计数器 
  51          {
  52   1              js++;   
  53   1      }  
  54          

C51 COMPILER V9.54   TIME                                                                  06/01/2023 19:44:54 PAGE 2   


MODULE INFORMATION:   STATIC OVERLAYABLE
   CODE SIZE        =    193    ----
   CONSTANT SIZE    =   ----    ----
   XDATA SIZE       =     16    ----
   PDATA SIZE       =   ----    ----
   DATA SIZE        =   ----    ----
   IDATA SIZE       =   ----    ----
   BIT SIZE         =   ----    ----
END OF MODULE INFORMATION.


C51 COMPILATION COMPLETE.  0 WARNING(S),  0 ERROR(S)
