C251 COMPILER V5.60.0,  pwm                                                                27/06/23  18:06:57  PAGE 1   


C251 COMPILER V5.60.0, COMPILATION OF MODULE pwm
OBJECT MODULE PLACED IN .\Objects\pwm.obj
COMPILER INVOKED BY: C:\Keil_v5\C251\BIN\C251.EXE pwm.c LARGE INTR2 BROWSE DEBUG PRINT(.\Listings\pwm.lst) OBJECT(.\Obje
                    -cts\pwm.obj) 

stmt  level    source

    1          /*---------------------------------------------------------------------*/
    2          /* --- STC MCU Limited ------------------------------------------------*/
    3          /* --- STC 1T Series MCU Demo Programme -------------------------------*/
    4          /* --- Mobile: (86)13922805190 ----------------------------------------*/
    5          /* --- Fax: 86-0513-55012956,55012947,55012969 ------------------------*/
    6          /* --- Tel: 86-0513-55012928,55012929,55012966 ------------------------*/
    7          /* --- Web: www.STCMCU.com --------------------------------------------*/
    8          /* --- Web: www.STCMCUDATA.com  ---------------------------------------*/
    9          /* --- QQ:  800003751 -------------------------------------------------*/
   10          /* 如果要在程序中使用此代码,请在程序中注明使用了STC的资料及程序            */
   11          /*---------------------------------------------------------------------*/
   12          
   13          /*************  功能说明    **************
   14          
   15          本例程基于STC32G为主控芯片的实验箱进行编写测试。
   16          
   17          使用Keil C251编译器，Memory Model推荐设置XSmall模式，默认定义变量在edata，单时钟存取访问速度快。
   18          
   19          edata建议保留1K给堆栈使用，空间不够时可将大数组、不常用变量加xdata关键字定义到xdata空间。
   20          
   21          高级PWM定时器 PWM1P/PWM1N,PWM2P/PWM2N,PWM3P/PWM3N,PWM4P/PWM4N 每个通道都可独立实现PWM输出，或者两两互补对
             -称输出.
   22          
   23          8个通道PWM设置对应P6的8个端口.
   24          
   25          通过P6口上连接的8个LED灯，利用PWM实现呼吸灯效果.
   26          
   27          PWM周期和占空比可以根据需要自行设置，最高可达65535.
   28          
   29          下载时, 选择时钟 24MHz (用户可自行修改频率).
   30          
   31          ******************************************/
   32          
   33          #include "pwm.h"
   34          
   35          
   36          #define MAIN_Fosc        24000000UL
   37          //****************************** 用户定义宏 ***********************************/
   38          
   39          #define Timer0_Reload   (65536UL -(MAIN_Fosc / 1000))       //Timer 0 中断频率, 1000次/秒
   40          
   41          #define PWM1_0      0x00        //P:P1.0  N:P1.1
   42          #define PWM1_1      0x01        //P:P2.0  N:P2.1
   43          #define PWM1_2      0x02        //P:P6.0  N:P6.1
   44          
   45          #define PWM2_0      0x00        //P:P1.2/P5.4  N:P1.3
   46          #define PWM2_1      0x04        //P:P2.2  N:P2.3
   47          #define PWM2_2      0x08        //P:P6.2  N:P6.3
   48          
   49          #define PWM3_0      0x00        //P:P1.4  N:P1.5
   50          #define PWM3_1      0x10        //P:P2.4  N:P2.5
   51          #define PWM3_2      0x20        //P:P6.4  N:P6.5
   52          
   53          #define PWM4_0      0x00        //P:P1.6  N:P1.7
   54          #define PWM4_1      0x40        //P:P2.6  N:P2.7
   55          #define PWM4_2      0x80        //P:P6.6  N:P6.7
   56          #define PWM4_3      0xC0        //P:P3.4  N:P3.3
   57          
C251 COMPILER V5.60.0,  pwm                                                                27/06/23  18:06:57  PAGE 2   

   58          #define ENO1P       0x01
   59          #define ENO1N       0x02
   60          #define ENO2P       0x04
   61          #define ENO2N       0x08
   62          #define ENO3P       0x10
   63          #define ENO3N       0x20
   64          #define ENO4P       0x40
   65          #define ENO4N       0x80
   66          
   67          /*****************************************************************************/
   68          
   69          
   70          
   71          
   72          
   73          /*************  本地变量声明    **************/
   74          
   75          
   76          void PWMA_Init()
   77          {
   78   1          PWM1_Flag = 0;
   79   1      //   PWM2_Flag = 0;
   80   1      //   PWM3_Flag = 0;
   81   1      //   PWM4_Flag = 0;
   82   1      //    
   83   1          PWM1_Duty = 0;
   84   1      //    PWM2_Duty = 256;
   85   1      //    PWM3_Duty = 512;
   86   1      //    PWM4_Duty = 1024;
   87   1      
   88   1          //  Timer0初始化
   89   1          AUXR = 0x80;    //Timer0 set as 1T, 16 bits timer auto-reload, 
   90   1          TH0 = (unsigned char)(Timer0_Reload / 256);
   91   1          TL0 = (unsigned char)(Timer0_Reload % 256);
   92   1          ET0 = 1;    //Timer0 interrupt enable
   93   1          TR0 = 1;    //Tiner0 run
   94   1      
   95   1          PWMA_CCER1 = 0x00; //写 CCMRx 前必须先清零 CCxE 关闭通道
   96   1          PWMA_CCER2 = 0x00;
   97   1          PWMA_CCMR1 = 0x68; //通道模式配置
   98   1          PWMA_CCMR2 = 0x68;
   99   1          PWMA_CCMR3 = 0x68;
  100   1          PWMA_CCMR4 = 0x68;
  101   1          PWMA_CCER1 = 0x55; //配置通道输出使能和极性
  102   1          PWMA_CCER2 = 0x55;
  103   1      
  104   1          PWMA_ARRH = (unsigned char)(PWM_PERIOD >> 8); //设置周期时间
  105   1          PWMA_ARRL = (unsigned char)PWM_PERIOD;
  106   1      
  107   1          PWMA_ENO = 0x00;
  108   1          PWMA_ENO |= ENO1P; //使能输出
  109   1          PWMA_ENO |= ENO1N; //使能输出
  110   1      //    PWMA_ENO |= ENO2P; //使能输出
  111   1      //    PWMA_ENO |= ENO2N; //使能输出
  112   1      //    PWMA_ENO |= ENO3P; //使能输出
  113   1      //    PWMA_ENO |= ENO3N; //使能输出
  114   1      //    PWMA_ENO |= ENO4P; //使能输出
  115   1      //    PWMA_ENO |= ENO4N; //使能输出
  116   1      
  117   1          PWMA_PS = 0x00;  //高级 PWM 通道输出脚选择位
  118   1         // PWMA_PS |= PWM1_2; //选择 PWM1_2 通道
  119   1      //    PWMA_PS |= PWM2_2; //选择 PWM2_2 通道
  120   1      //    PWMA_PS |= PWM3_2; //选择 PWM3_2 通道
  121   1      //    PWMA_PS |= PWM4_2; //选择 PWM4_2 通道
  122   1      
  123   1          PWMA_BKR = 0x80;  //使能主输出
C251 COMPILER V5.60.0,  pwm                                                                27/06/23  18:06:57  PAGE 3   

  124   1          PWMA_CR1 |= 0x81; //使能ARR预装载,开始计时
  125   1          EA = 1;     //打开总中断
  126   1      
  127   1      }
  128          
  129          /********************** Timer0 1ms中断函数 ************************需要放入主程序中/
  130          //void timer0(void) interrupt 1
  131          //{
  132          //    if(!PWM1_Flag)
  133          //    {
  134          //        PWM1_Duty++;
  135          //        if(PWM1_Duty > PWM_PERIOD) PWM1_Flag = 1;
  136          //    }
  137          //    else
  138          //    {
  139          //        PWM1_Duty--;
  140          //        if(PWM1_Duty <= 0) PWM1_Flag = 0;
  141          //    }
  142          
  143          //    if(!PWM2_Flag)
  144          //    {
  145          //        PWM2_Duty++;
  146          //        if(PWM2_Duty > PWM_PERIOD) PWM2_Flag = 1;
  147          //    }
  148          //    else
  149          //    {
  150          //        PWM2_Duty--;
  151          //        if(PWM2_Duty <= 0) PWM2_Flag = 0;
  152          //    }
  153          
  154          //    if(!PWM3_Flag)
  155          //    {
  156          //        PWM3_Duty++;
  157          //        if(PWM3_Duty > PWM_PERIOD) PWM3_Flag = 1;
  158          //    }
  159          //    else
  160          //    {
  161          //        PWM3_Duty--;
  162          //        if(PWM3_Duty <= 0) PWM3_Flag = 0;
  163          //    }
  164          
  165          //    if(!PWM4_Flag)
  166          //    {
  167          //        PWM4_Duty++;
  168          //        if(PWM4_Duty > PWM_PERIOD) PWM4_Flag = 1;
  169          //    }
  170          //    else
  171          //    {
  172          //        PWM4_Duty--;
  173          //        if(PWM4_Duty <= 0) PWM4_Flag = 0;
  174          //    }
  175              
  176              UpdatePwm();
  177          }
  178          
  179          //========================================================================
  180          // 函数: UpdatePwm(void)
  181          // 描述: 更新PWM占空比. 
  182          // 参数: none.
  183          // 返回: none.
  184          // 版本: V1.0, 2012-11-22
  185          //========================================================================*/
  186          void UpdatePwm(void)
  187          {
  188   1          PWMA_CCR1H = (unsigned char)(PWM1_Duty >> 8); //设置占空比时间
  189   1          PWMA_CCR1L = (unsigned char)(PWM1_Duty);
C251 COMPILER V5.60.0,  pwm                                                                27/06/23  18:06:57  PAGE 4   

  190   1      //    PWMA_CCR2H = (u8)(PWM2_Duty >> 8); //设置占空比时间
  191   1      //    PWMA_CCR2L = (u8)(PWM2_Duty);
  192   1      //    PWMA_CCR3H = (u8)(PWM3_Duty >> 8); //设置占空比时间
  193   1      //    PWMA_CCR3L = (u8)(PWM3_Duty);
  194   1      //    PWMA_CCR4H = (u8)(PWM4_Duty >> 8); //设置占空比时间
  195   1      //    PWMA_CCR4L = (u8)(PWM4_Duty);
  196   1      }


Module Information          Static   Overlayable
------------------------------------------------
  code size            =       192     ------
  ecode size           =    ------     ------
  data size            =    ------     ------
  idata size           =    ------     ------
  pdata size           =    ------     ------
  xdata size           =    ------     ------
  xdata-const size     =    ------     ------
  edata size           =    ------     ------
  bit size             =    ------     ------
  ebit size            =    ------     ------
  bitaddressable size  =    ------     ------
  ebitaddressable size =    ------     ------
  far data size        =    ------     ------
  huge data size       =    ------     ------
  const size           =    ------     ------
  hconst size          =    ------     ------
End of Module Information.


C251 COMPILATION COMPLETE.  0 WARNING(S),  0 ERROR(S)
