C251 COMPILER V5.60.0,  UART                                                               29/06/23  17:39:21  PAGE 1   


C251 COMPILER V5.60.0, COMPILATION OF MODULE UART
OBJECT MODULE PLACED IN .\Objects\UART.obj
COMPILER INVOKED BY: C:\Keil_v5\C251\BIN\C251.EXE UART.c LARGE INTR2 ROM(HUGE) BROWSE DEBUG PRINT(.\Listings\UART.lst) O
                    -BJECT(.\Objects\UART.obj) 

stmt  level    source

    1          #include "UART.h"
    2          
    3          
    4          void UART_init(int pin,unsigned long btl,int isr)
    5          {
    6   1              if(pin==1)              //串口1
    7   1              {
    8   2            P_SW1 |= 0x00;   //串口1引脚切换到 P30.P31
    9   2                        SCON = 0x50;    //串口1工作模式为0，8位数据模式
   10   2                        AUXR &= 0xFE;   //串口1选择定时器1作为波特率发生器
   11   2                        TMOD |= 0x00;    
   12   2                              TL1 = (65536 - MAIN_Fosc / btl / 4); //定时器2装初值
   13   2                              TH1 = (65536 - MAIN_Fosc / btl / 4) >> 8; 
   14   2                              TR1 = 1;                                                                                                                                 //启动定时器1
   15   2                              AUXR |= 0x40;                            //定时器1，1T模式
   16   2                              if(isr==1)
   17   2                              {ES = 1;}                                  //使能串口1中断
   18   2              }
   19   1              if(pin ==2) 
   20   1              {
   21   2                              P_SW2 |= 0x01;   //串口2引脚切换到 P40.P42
   22   2                        S2CON = 0x10;    //串口2选择定时器2作为波特率发生器
   23   2                              T2L = (65536 - MAIN_Fosc / btl / 4); //定时器2装初值
   24   2                              T2H = (65536 - MAIN_Fosc / btl / 4) >> 8; 
   25   2                              AUXR |= 0x14;                                                                                                                            //启动定时器2，1T模式
   26   2                              if(isr==1)
   27   2                              {IE2 |= ES2;}                                  //使能串口2中断
   28   2              }
   29   1              if(pin ==3) 
   30   1              {
   31   2                              P_SW2 |= 0x02;   //串口3引脚切换到 P50.P51
   32   2                        S3CON = 0x50;    //串口3选择定时器3作为波特率发生器
   33   2                              T3L = (65536 - MAIN_Fosc / btl / 4); //定时器3装初值
   34   2                              T3H = (65536 - MAIN_Fosc / btl / 4) >> 8; 
   35   2                              T4T3M |= 0x0a;                                                                                                                           //启动定时器3，1T模式
   36   2                              if(isr==1)
   37   2                              {IE2 |= ES3;}                                  //使能串口3中断
   38   2              }
   39   1              if(pin ==4) 
   40   1              {
   41   2                              P_SW2 |= 0x04;   //串口4引脚切换到 P52.P53
   42   2                        S4CON = 0x50;    //串口4选择定时器4作为波特率发生器
   43   2                              T4L = (65536 - MAIN_Fosc / btl / 4); //定时器4装初值
   44   2                              T4H = (65536 - MAIN_Fosc / btl / 4) >> 8; 
   45   2                              T4T3M |= 0xa0;                                                                                                                           //启动定时器4，1T模式
   46   2                              if(isr==1)
   47   2                              {IE2 |= ES4;}                                  //使能串口4中断
   48   2              }
   49   1              EA=1;            //允许所有中断
   50   1      }
   51          
   52          void UART_Send_byte(int pin,unsigned char c)  //调用串口模块发送单个字符
   53          {
   54   1              if(pin==1)
   55   1              {
   56   2                      TI=0;
   57   2          SBUF = c;   
   58   2                      while(!TI);
C251 COMPILER V5.60.0,  UART                                                               29/06/23  17:39:21  PAGE 2   

   59   2              }
   60   1              if(pin==2)
   61   1              {
   62   2                      S2CON &= ~0x02;
   63   2                      S2BUF = c;
   64   2                      while(!(S2CON & 0x02));         
   65   2              }
   66   1              if(pin==3)
   67   1              {
   68   2                      S3CON &= ~0x02; 
   69   2                      S3BUF = c;
   70   2                      while(!(S3CON & 0x02));
   71   2              }
   72   1              if(pin==4)
   73   1              {
   74   2                      S4CON &= ~0x02;
   75   2                      S4BUF = c;
   76   2                      while(!(S4CON & 0x02) );
   77   2              }
   78   1      }
   79          
   80          void UART_Send_string(int pin,unsigned char *pt) //调用串口模块发送字符串
   81          {
   82   1              while(*pt != '\0')
   83   1              {
   84   2                      UART_Send_byte(pin,*pt++);
   85   2              }
   86   1      }


Module Information          Static   Overlayable
------------------------------------------------
  code size            =    ------     ------
  ecode size           =       415     ------
  data size            =    ------     ------
  idata size           =    ------     ------
  pdata size           =    ------     ------
  xdata size           =    ------          2
  xdata-const size     =    ------     ------
  edata size           =    ------     ------
  bit size             =    ------     ------
  ebit size            =    ------     ------
  bitaddressable size  =    ------     ------
  ebitaddressable size =    ------     ------
  far data size        =    ------     ------
  huge data size       =    ------     ------
  const size           =    ------     ------
  hconst size          =    ------     ------
End of Module Information.


C251 COMPILATION COMPLETE.  0 WARNING(S),  0 ERROR(S)
