C251 COMPILER V5.60.0,  main                                                               02/06/23  21:15:45  PAGE 1   


C251 COMPILER V5.60.0, COMPILATION OF MODULE main
OBJECT MODULE PLACED IN .\Objects\main.obj
COMPILER INVOKED BY: C:\Keil_v5\C251\BIN\C251.EXE main.c LARGE INTR2 BROWSE DEBUG PRINT(.\Listings\main.lst) OBJECT(.\Ob
                    -jects\main.obj) 

stmt  level    source

    1          #include <STC32G.H>
    2          #include <stdio.h>
    3          #include "oled.h"
    4          #include "bmp.h"
    5          //#include "STC32G_PWM.h"
    6          
    7          unsigned char bug[50];
    8          float a=0;
    9          void Timer0_Isr(void) interrupt 1
   10          {
   11   1              a=(float)(((TL1*256)+TH1)/0.65535);
   12   1              TL1 = 0;                                //设置定时初始值
   13   1              TH1 = 0;                                //设置定时初始值
   14   1      }
   15          
   16          void Timer0_Init(void)          //2毫秒@24.000MHz
   17          {
   18   1              AUXR |= 0x80;                   //定时器时钟1T模式
   19   1              TMOD &= 0xF0;                   //设置定时器模式
   20   1              TL0 = 0;                                //设置定时初始值
   21   1              TH0 = 0;                                //设置定时初始值
   22   1              TF0 = 0;                                //清除TF0标志
   23   1              TR0 = 1;                                //定时器0开始计时
   24   1              ET0 = 1;                                //使能定时器0中断
   25   1      }
   26          void Timer1_Init(void)          
   27          {
   28   1              AUXR |= 0x40;                   //定时器时钟1T模式
   29   1              TMOD &= 0x0F;                   //设置定时器模式
   30   1              TMOD |= 0xD0;                   //设置定时器模式
   31   1              TL1 = 0;                                //设置定时初始值
   32   1              TH1 = 0;                                //设置定时初始值
   33   1              TF1 = 0;                                //清除TF1标志
   34   1              TR1 = 1;                                //定时器1开始计时
   35   1      }
   36          
   37                  
   38          void main()
   39          {
   40   1              EA=1;
   41   1              P3M0 &= ~0xdf; P3M1 &= ~0xdf; 
   42   1              P2M0 = 0xff; P2M1 = 0x00; 
   43   1              P4M0 = 0XFF; P4M1 = 0X00;
   44   1              ///////////////////////////
   45   1              XOSCCR=0XC8;
   46   1              while(XOSCCR&1);
   47   1              CLKDIV=0X00;
   48   1              CLKSEL=0X01;
   49   1              //////////////////////////
   50   1              EAXFR=1;
   51   1              CKCON=0X00;     
   52   1              WTST=0X00;
   53   1              /////////////////////////
   54   1              OLED_Init();
   55   1              Timer0_Init();
   56   1              Timer1_Init();
   57   1              
   58   1              //PWM_init();
C251 COMPILER V5.60.0,  main                                                               02/06/23  21:15:45  PAGE 2   

   59   1          /////////////////////////   
   60   1              
   61   1      //    P3M0 &= ~0x20; P3M1 |= 0x20; 
   62   1              
   63   1      //      P0M0 = 0x00; P0M1 = 0x00; 
   64   1      //    P1M0 = 0x00; P1M1 = 0x00; 
   65   1      //    P2M0 = 0x00; P2M1 = 0x00; 
   66   1      //    P5M0 = 0x00; P5M1 = 0x00; 
   67   1      //    P6M0 = 0x00; P6M1 = 0x00; 
   68   1      //      P7M0 = 0x00; P7M1 = 0x00; 
   69   1              ///////////////////////////
   70   1      
   71   1              while(1)
   72   1              {
   73   2                      sprintf(bug,"%.3f",a);
   74   2                      OLED_ShowString(2,2,bug,8);
   75   2                      //delay_ms(1000);
   76   2      
   77   2              }
   78   1      }


Module Information          Static   Overlayable
------------------------------------------------
  code size            =      1289     ------
  ecode size           =    ------     ------
  data size            =    ------     ------
  idata size           =    ------     ------
  pdata size           =    ------     ------
  xdata size           =        54     ------
  xdata-const size     =    ------     ------
  edata size           =    ------     ------
  bit size             =    ------     ------
  ebit size            =    ------     ------
  bitaddressable size  =    ------     ------
  ebitaddressable size =    ------     ------
  far data size        =    ------     ------
  huge data size       =    ------     ------
  const size           =    ------     ------
  hconst size          =        14     ------
End of Module Information.


C251 COMPILATION COMPLETE.  0 WARNING(S),  0 ERROR(S)
