C251 COMPILER V5.60.0,  ADC                                                                09/07/23  18:06:21  PAGE 1   


C251 COMPILER V5.60.0, COMPILATION OF MODULE ADC
OBJECT MODULE PLACED IN .\Objects\ADC.obj
COMPILER INVOKED BY: C:\Keil_v5\C251\BIN\C251.EXE ADC.c LARGE INTR2 BROWSE DEBUG PRINT(.\Listings\ADC.lst) OBJECT(.\Obje
                    -cts\ADC.obj) 

stmt  level    source

    1          #include "ADC.h"
    2          #include <STC32G.H>
    3          #include "intrins.h"
    4          
    5          void ADC_init()
    6          {
    7   1              P1M0 = 0x00; 
    8   1              P1M1 = 0xff;            //高阻0000 0100
    9   1              ADCCFG = 0x00;
   10   1              ADC_CONTR = 0x80;                                       //使能ADC模块
   11   1      }
   12          unsigned int Get_ADC12bitResult(unsigned char channel)  //channel = 0~14
   13          {
   14   1              unsigned int adc;
   15   1              ADC_CONTR = (ADC_CONTR & 0xe0) | channel;        //选择通道
   16   1              ADC_CONTR|=0xc0;                                                        //开启ADC电源，启动AD转换       
   17   1              while(!(ADC_CONTR&0x20));                                       //等待转换完成
   18   1              ADC_CONTR&=~0x20;                                                       //清除标志位
   19   1              adc = ADC_RES;                                                          //存储 ADC 的 12 位结果的高 8 位
   20   1              adc <<= 8;
   21   1              adc |= ADC_RESL;                                                        //存储 ADC 的 12 位结果的低 4 位
   22   1              adc = adc >> 4;                                                         //16-4=12位
   23   1              return adc;                                                                     //adc;
   24   1      }


Module Information          Static   Overlayable
------------------------------------------------
  code size            =        55     ------
  ecode size           =    ------     ------
  data size            =    ------     ------
  idata size           =    ------     ------
  pdata size           =    ------     ------
  xdata size           =    ------     ------
  xdata-const size     =    ------     ------
  edata size           =    ------     ------
  bit size             =    ------     ------
  ebit size            =    ------     ------
  bitaddressable size  =    ------     ------
  ebitaddressable size =    ------     ------
  far data size        =    ------     ------
  huge data size       =    ------     ------
  const size           =    ------     ------
  hconst size          =    ------     ------
End of Module Information.


C251 COMPILATION COMPLETE.  0 WARNING(S),  0 ERROR(S)
