C251 COMPILER V5.60.0,  mian                                                               30/06/23  14:38:07  PAGE 1   


C251 COMPILER V5.60.0, COMPILATION OF MODULE mian
OBJECT MODULE PLACED IN .\Objects\mian.obj
COMPILER INVOKED BY: C:\Keil_v5\C251\BIN\C251.EXE mian.c LARGE INTR2 ROM(HUGE) BROWSE DEBUG PRINT(.\Listings\mian.lst) O
                    -BJECT(.\Objects\mian.obj) 

stmt  level    source

    1          #include <STC32G.H>
    2          #include "pwm.h"
    3          #include <math.h>
    4          #include "intrins.h"
    5          #include "stdint.h"
    6          #include <stdio.h>
    7          
    8          bit B_1ms;          //1ms标志
    9          
   10          unsigned int PWM1_Duty;
   11          unsigned int PWM2_Duty;
   12          unsigned int PWM3_Duty;
   13          unsigned int PWM4_Duty;
   14          
   15           bit PWM1_Flag;
   16           bit PWM2_Flag;
   17           bit PWM3_Flag;
   18           bit PWM4_Flag;
   19           
   20          
   21          
   22          ////////////////////////////////////////////////////////////////////////////////////
   23          
   24          
   25          
   26          ///////////////////////////////////////////////////////////////////////////
   27          void main()
   28          {       
   29   1              
   30   1                      EAXFR = 1;                              // 使能访问XFR
   31   1                      CKCON = 0x00;                   // 设置外部数据总线为最快
   32   1                      WTST = 0;  
   33   1              
   34   1                      P1M0 = 0xff; P1M1 = 0x00;
   35   1                  P4M0 = 0xff; P4M1 = 0x00; 
   36   1                  P2M0 = 0x00; P2M1 = 0x00;
   37   1                      P3M0 &= ~0xdf; P3M1 &= ~0xdf; 
   38   1              
   39   1                      PWMA_Init();
   40   1                      
   41   1              while(1)
   42   1              {
   43   2              
   44   2                      PWM1_Duty=1;
   45   2      
   46   2                      if(!PWM1_Flag)
   47   2                      {
   48   3                              PWM1_Duty++;
   49   3                              if(PWM1_Duty > PWM_PERIOD) PWM1_Flag = 1;
   50   3                      }
   51   2                      else
   52   2                      {
   53   3                              PWM1_Duty--;
   54   3                              if(PWM1_Duty <= 0) PWM1_Flag = 0;
   55   3                      }
   56   2                        UpdatePwm(); 
   57   2                      
   58   2      
C251 COMPILER V5.60.0,  mian                                                               30/06/23  14:38:07  PAGE 2   

   59   2              }
   60   1      }
   61          
   62          
   63          
   64          
   65          


Module Information          Static   Overlayable
------------------------------------------------
  code size            =    ------     ------
  ecode size           =        78     ------
  data size            =    ------     ------
  idata size           =    ------     ------
  pdata size           =    ------     ------
  xdata size           =         8     ------
  xdata-const size     =    ------     ------
  edata size           =    ------     ------
  bit size             =         5     ------
  ebit size            =    ------     ------
  bitaddressable size  =    ------     ------
  ebitaddressable size =    ------     ------
  far data size        =    ------     ------
  huge data size       =    ------     ------
  const size           =    ------     ------
  hconst size          =    ------     ------
End of Module Information.


C251 COMPILATION COMPLETE.  0 WARNING(S),  0 ERROR(S)
