C251 COMPILER V5.60.0,  HC_SR04                                                            26/07/23  20:47:25  PAGE 1   


C251 COMPILER V5.60.0, COMPILATION OF MODULE HC_SR04
OBJECT MODULE PLACED IN .\Objects\HC_SR04.obj
COMPILER INVOKED BY: C:\Keil_v5\C251\BIN\C251.EXE HC_SR04.c LARGE INTR2 BROWSE DEBUG PRINT(.\Listings\HC_SR04.lst) OBJEC
                    -T(.\Objects\HC_SR04.obj) 

stmt  level    source

    1          #include <STC32G.H>
    2          #include "hc_sr04.h"
    3          #define MAIN_Fosc 12000000UL            //定义主频12MHz，请根据实际使用频率修改（用于delay函数自适应主频）
    4          
    5          typedef unsigned char u8;                               //unsigned char                         类型，用u8表示
    6          typedef unsigned int u16;                               //unsigned int                          类型，用u16表示
    7          typedef unsigned long int u32;  //unsigned long int     类型，用u32表示
    8          
    9          u16  time = 0;
   10          bit  flag = 0;
   11          
   12          void Delay20us()                //@12.000MHz
   13          {
   14   1              unsigned long i;
   15   1              _nop_();
   16   1              _nop_();
   17   1              _nop_();
   18   1              i = 58UL;
   19   1              while (i) i--;
   20   1      }
   21          
   22          //========================================================================
   23          // 函数: HC_SR04_Init()
   24          // 描述: 初始化HC_SR04所需硬件。
   25          // 参数: 
   26          // 返回: none.
   27          //========================================================================
   28          void Timer0_Init(void)  //@12.000MHz
   29          {                       
   30   1              TMOD = 0x01;            
   31   1              TL0 = 0;                                
   32   1              TH0 = 0;                                
   33   1              TF0 = 0;                                
   34   1              TR0 = 0;                                                
   35   1        EA = 1;       
   36   1      }
   37          //========================================================================
   38          // 函数: HC_SR04_Start()
   39          // 描述: 开始发送声波。
   40          // 参数: 
   41          // 返回: none.
   42          //========================================================================
   43          void HC_SR04_Start()
   44          {
   45   1              trig = 0;
   46   1              Delay20us();
   47   1              trig = 1;
   48   1      }
   49          //========================================================================
   50          // 函数: int HC_SR04_Loop()
   51          // 描述: 返回距离。
   52          // 参数:  
   53          // 返回: distance:距离（单位：厘米）.
   54          //========================================================================
   55          float HC_SR04_Loop()
   56          {
   57   1               float distance;//distance|距离
   58   1               HC_SR04_Start();
C251 COMPILER V5.60.0,  HC_SR04                                                            26/07/23  20:47:25  PAGE 2   

   59   1               while(!echo);          //Wait when RX is zero|当RX为零时等待
   60   1               TR0 = 1;                           //Opening count|开启计数
   61   1               while(echo);                   //When RX counts to 1 and waits|当RX为1计数并等待
   62   1               TR0 = 0;                                 //Closing count|关闭计数
   63   1               time = TH0*256+TL0;
   64   1               TH0 = 0;
   65   1               TL0 = 0;
   66   1               distance =(float)(time*1.7)/100;     //算出来是CM
   67   1              if(flag == 1)               //超出测量
   68   1              {
   69   2                      flag = 0;
   70   2                      distance = 0;
   71   2              }
   72   1              return distance;
   73   1      }
   74          
   75          void Timer0_Isr(void) interrupt 1      //T0中断用来计数器溢出,超过测距范围
   76          {
   77   1              flag = 1;                                                        //中断溢出标志
   78   1      }


Module Information          Static   Overlayable
------------------------------------------------
  code size            =       127     ------
  ecode size           =    ------     ------
  data size            =    ------     ------
  idata size           =    ------     ------
  pdata size           =    ------     ------
  xdata size           =         2     ------
  xdata-const size     =    ------     ------
  edata size           =    ------     ------
  bit size             =         1     ------
  ebit size            =    ------     ------
  bitaddressable size  =    ------     ------
  ebitaddressable size =    ------     ------
  far data size        =    ------     ------
  huge data size       =    ------     ------
  const size           =    ------     ------
  hconst size          =         7     ------
End of Module Information.


C251 COMPILATION COMPLETE.  0 WARNING(S),  0 ERROR(S)
