C251 COMPILER V5.60.0,  main                                                               27/07/23  12:51:45  PAGE 1   


C251 COMPILER V5.60.0, COMPILATION OF MODULE main
OBJECT MODULE PLACED IN .\Objects\main.obj
COMPILER INVOKED BY: C:\Keil_v5\C251\BIN\C251.EXE main.c LARGE INTR2 BROWSE DEBUG PRINT(.\Listings\main.lst) OBJECT(.\Ob
                    -jects\main.obj) 

stmt  level    source

    1          #include <STC32G.H>
    2          #include "hc_sr04.h"
    3          #include "oled.h"
    4          #include <stdio.h>
    5          float distance=0;
    6          unsigned int yaxle=0;
    7          char ultrasonic_data[50];
    8          unsigned int j;
    9          void Delay50ms();               //@12.000MHz
   10          char data_transition(char ultrasonic_input);
   11          void main()
   12          {
   13   1              
   14   1              EAXFR = 1;                                                              // 使能访问 XFR
   15   1              CKCON = 0x00;                                                   // 设置外部数据总线速度为最快
   16   1              WTST = 0x00;
   17   1              
   18   1              P0M0 = 0x00; P0M1 = 0x00; 
   19   1          P1M0 = 0x00; P1M1 = 0x00; 
   20   1          P2M0 = 0x00; P2M1 = 0x00; 
   21   1          P3M0 = 0x00; P3M1 = 0x00; 
   22   1          P4M0 = 0x1f; P4M1 = 0x00; 
   23   1          P5M0 = 0x00; P5M1 = 0x00; 
   24   1          P6M0 = 0x00; P6M1 = 0x00; 
   25   1          P7M0 = 0x00; P7M1 = 0x00; 
   26   1              OLED_Init();
   27   1              Timer0_Init();
   28   1              while(1)
   29   1              {
   30   2                      for(j=0;j<128;j++)
   31   2                      {       
   32   3                              distance=HC_SR04_Loop();
   33   3                              yaxle=data_transition(distance);
   34   3                              Setpos(j,(yaxle));
*** WARNING C188 IN LINE 34 OF main.c: 'parameter 1': value truncated
*** WARNING C188 IN LINE 34 OF main.c: 'parameter 2': value truncated
   35   3                              Delay50ms();
   36   3                      }
   37   2                      OLED_Clear();
   38   2              
   39   2                      
   40   2      //              sprintf(ultrasonic_data,"%.3f",distance);
   41   2      //              OLED_ShowString(0,0,ultrasonic_data,8);
   42   2              }
   43   1      }
   44          
   45          void Delay50ms()                //@12.000MHz
   46          {
   47   1              unsigned long edata i;
   48   1      
   49   1              _nop_();
   50   1              _nop_();
   51   1              i = 149998UL;
   52   1              while (i) i--;
   53   1      }
   54          
   55          char data_transition(char ultrasonic_input)
   56          {
C251 COMPILER V5.60.0,  main                                                               27/07/23  12:51:45  PAGE 2   

   57   1              char Computed_return_value;
   58   1                      Computed_return_value=(ultrasonic_input );
   59   1              return Computed_return_value;
   60   1      }


Module Information          Static   Overlayable
------------------------------------------------
  code size            =       156     ------
  ecode size           =    ------     ------
  data size            =    ------     ------
  idata size           =    ------     ------
  pdata size           =    ------     ------
  xdata size           =        58     ------
  xdata-const size     =    ------     ------
  edata size           =    ------     ------
  bit size             =    ------     ------
  ebit size            =    ------     ------
  bitaddressable size  =    ------     ------
  ebitaddressable size =    ------     ------
  far data size        =    ------     ------
  huge data size       =    ------     ------
  const size           =    ------     ------
  hconst size          =        16     ------
End of Module Information.


C251 COMPILATION COMPLETE.  2 WARNING(S),  0 ERROR(S)
