C251 COMPILER V5.60.0,  oled                                                               31/05/23  14:15:56  PAGE 1   


C251 COMPILER V5.60.0, COMPILATION OF MODULE oled
OBJECT MODULE PLACED IN .\Objects\oled.obj
COMPILER INVOKED BY: C:\Keil_v5\C251\BIN\C251.EXE oled.c INTR2 BROWSE DEBUG PRINT(.\Listings\oled.lst) OBJECT(.\Objects\
                    -oled.obj) 

stmt  level    source

    1          #include <oled.h>
    2          #include <oledfont.h>    
    3          //OLED的显存
    4          //存放格式如下.
    5          //[0]0 1 2 3 ... 127    
    6          //[1]0 1 2 3 ... 127    
    7          //[2]0 1 2 3 ... 127    
    8          //[3]0 1 2 3 ... 127                                                                   
    9          //[4]0 1 2 3 ... 127    
   10          //[5]0 1 2 3 ... 127    
   11          //[6]0 1 2 3 ... 127    
   12          //[7]0 1 2 3 ... 127                       
   13          void delay_ms(unsigned int ms)
   14          {                         
   15   1              unsigned int a;
   16   1              while(ms)
   17   1              {
   18   2                      a=1800;
   19   2                      while(a--);
   20   2                      ms--;
   21   2              }
   22   1              return;
   23   1      }
   24          
   25          //反显函数
   26          void OLED_ColorTurn(u8 i)
   27          {
   28   1              if(i==0)
   29   1                      {
   30   2                              OLED_WR_Byte(0xA6,OLED_CMD);//正常显示
   31   2                      }
   32   1              if(i==1)
   33   1                      {
   34   2                              OLED_WR_Byte(0xA7,OLED_CMD);//反色显示
   35   2                      }
   36   1      }
   37          
   38          //屏幕旋转180度
   39          void OLED_DisplayTurn(u8 i)
   40          {
   41   1              if(i==0)
   42   1                      {
   43   2                              OLED_WR_Byte(0xC8,OLED_CMD);//正常显示
   44   2                              OLED_WR_Byte(0xA1,OLED_CMD);
   45   2                      }
   46   1              if(i==1)
   47   1                      {
   48   2                              OLED_WR_Byte(0xC0,OLED_CMD);//反转显示
   49   2                              OLED_WR_Byte(0xA0,OLED_CMD);
   50   2                      }
   51   1      }
   52          
   53          
   54          void OLED_WR_Byte(u16 dat,u16 cmd)
   55          {       
   56   1              u8 i;                     
   57   1              if(cmd)
   58   1                OLED_DC_Set();
C251 COMPILER V5.60.0,  oled                                                               31/05/23  14:15:56  PAGE 2   

   59   1              else 
   60   1                OLED_DC_Clr();                  
   61   1              OLED_CS_Clr();
   62   1              for(i=0;i<8;i++)
   63   1              {                         
   64   2                      OLED_SCL_Clr();
   65   2                      if(dat&0x80)
   66   2                      {
   67   3                       OLED_SDA_Set();
   68   3                      }
   69   2                      else
   70   2                      {
   71   3                       OLED_SDA_Clr();
   72   3                      }
   73   2                OLED_SCL_Set();
   74   2                      dat<<=1;   
   75   2              }                                                 
   76   1              OLED_CS_Set();
   77   1              OLED_DC_Set();            
   78   1      } 
   79          
   80          //坐标设置
   81          
   82          void OLED_Set_Pos(u16 x, u16 y) 
   83          { 
   84   1              OLED_WR_Byte(0xb0+y,OLED_CMD);
   85   1              OLED_WR_Byte(((x&0xf0)>>4)|0x10,OLED_CMD);
   86   1              OLED_WR_Byte((x&0x0f),OLED_CMD);
   87   1      }         
   88          //开启OLED显示    
   89          void OLED_Display_On(void)
   90          {
   91   1              OLED_WR_Byte(0X8D,OLED_CMD);  //SET DCDC命令
   92   1              OLED_WR_Byte(0X14,OLED_CMD);  //DCDC ON
   93   1              OLED_WR_Byte(0XAF,OLED_CMD);  //DISPLAY ON
   94   1      }
   95          //关闭OLED显示     
   96          void OLED_Display_Off(void)
   97          {
   98   1              OLED_WR_Byte(0X8D,OLED_CMD);  //SET DCDC命令
   99   1              OLED_WR_Byte(0X10,OLED_CMD);  //DCDC OFF
  100   1              OLED_WR_Byte(0XAE,OLED_CMD);  //DISPLAY OFF
  101   1      }                                        
  102          //清屏函数,清完屏,整个屏幕是黑色的!和没点亮一样!!!        
  103          void OLED_Clear(void)  
  104          {  
  105   1              u8 i,n;             
  106   1              for(i=0;i<8;i++)  
  107   1              {  
  108   2                      OLED_WR_Byte (0xb0+i,OLED_CMD);    //设置页地址（0~7）
  109   2                      OLED_WR_Byte (0x00,OLED_CMD);      //设置显示位置―列低地址
  110   2                      OLED_WR_Byte (0x10,OLED_CMD);      //设置显示位置―列高地址   
  111   2                      for(n=0;n<128;n++)OLED_WR_Byte(0,OLED_DATA); 
  112   2              } //更新显示
  113   1      }
  114          
  115          //在指定位置显示一个字符,包括部分字符
  116          //x:0~127
  117          //y:0~63                                 
  118          //sizey:选择字体 6x8  8x16
  119          void OLED_ShowChar(u16 x,u16 y,u16 chr,u16 sizey)
  120          {       
  121   1              u8 c=0,sizex=sizey/2;
  122   1              u16 i=0,size1;
  123   1              if(sizey==8)size1=6;
  124   1              else size1=(sizey/8+((sizey%8)?1:0))*(sizey/2);
C251 COMPILER V5.60.0,  oled                                                               31/05/23  14:15:56  PAGE 3   

  125   1              c=chr-' ';//得到偏移后的值
  126   1              OLED_Set_Pos(x,y);
  127   1              for(i=0;i<size1;i++)
  128   1              {
  129   2                      if(i%sizex==0&&sizey!=8) OLED_Set_Pos(x,y++);
  130   2                      if(sizey==8) OLED_WR_Byte(asc2_0806[c][i],OLED_DATA);//6X8字号
  131   2                      else if(sizey==16) OLED_WR_Byte(asc2_1608[c][i],OLED_DATA);//8x16字号
  132   2      //              else if(sizey==xx) OLED_WR_Byte(asc2_xxxx[c][i],OLED_DATA);//用户添加字号
  133   2                      else return;
  134   2              }
  135   1      }
  136          //m^n函数
  137          u32 oled_pow(u16 m,u16 n)
  138          {
  139   1              u32 result=1;    
  140   1              while(n--)result*=m;    
  141   1              return result;
  142   1      }                                 
  143          //显示数字
  144          //x,y :起点坐标
  145          //num:要显示的数字
  146          //len :数字的位数
  147          //sizey:字体大小                  
  148          void OLED_ShowNum(u8 x,u8 y,u32 num,u8 len,u8 sizey)
  149          {               
  150   1              u8 t;
  151   1              u8 temp,m=0;
  152   1              u8 enshow=0;
  153   1              if(sizey==8)m=2;
  154   1              for(t=0;t<len;t++)
  155   1              {
  156   2                      temp=(num/oled_pow(10,len-t-1))%10;
  157   2                      if(enshow==0&&t<(len-1))
  158   2                      {
  159   3                              if(temp==0)
  160   3                              {
  161   4                                      OLED_ShowChar(x+(sizey/2+m)*t,y,' ',sizey);
  162   4                                      continue;
  163   4                              }else enshow=1;
  164   3                      }
  165   2                      OLED_ShowChar(x+(sizey/2+m)*t,y,temp+'0',sizey);
  166   2              }
  167   1      }
  168          //显示一个字符号串
  169          void OLED_ShowString(u8 x,u8 y,u8 *chr,u8 sizey)
  170          {
  171   1              u8 j=0;
  172   1              while (chr[j]!='\0')
  173   1              {               
  174   2                      OLED_ShowChar(x,y,chr[j++],sizey);
  175   2                      if(sizey==8)x+=6;
  176   2                      else x+=sizey/2;
  177   2              }
  178   1      }
  179          //显示汉字
  180          void OLED_ShowChinese(u8 x,u8 y,u8 no,u8 sizey)
  181          {
  182   1              u16 i,size1=(sizey/8+((sizey%8)?1:0))*sizey;
  183   1              for(i=0;i<size1;i++)
  184   1              {
  185   2                      if(i%sizey==0) OLED_Set_Pos(x,y++);
  186   2                      if(sizey==16) OLED_WR_Byte(Hzk[no][i],OLED_DATA);//16x16字号
  187   2      //              else if(sizey==xx) OLED_WR_Byte(xxx[c][i],OLED_DATA);//用户添加字号
  188   2                      else return;
  189   2              }                               
  190   1      }
C251 COMPILER V5.60.0,  oled                                                               31/05/23  14:15:56  PAGE 4   

  191          
  192          
  193          //显示图片
  194          //x,y显示坐标
  195          //sizex,sizey,图片长宽
  196          //BMP：要显示的图片
  197          void OLED_DrawBMP(u8 x,u8 y,u8 sizex, u8 sizey,u8 BMP[])
  198          {       
  199   1        u16 j=0;
  200   1              u8 i,m;
  201   1              sizey=sizey/8+((sizey%8)?1:0);
  202   1              for(i=0;i<sizey;i++)
  203   1              {
  204   2                      OLED_Set_Pos(x,i+y);
  205   2          for(m=0;m<sizex;m++)
  206   2                      {      
  207   3                              OLED_WR_Byte(BMP[j++],OLED_DATA);               
  208   3                      }
  209   2              }
  210   1      } 
  211          
  212          
  213          
  214          //初始化                                    
  215          void OLED_Init(void)
  216          {
  217   1              OLED_RES_Clr();
  218   1        delay_ms(200);
  219   1              OLED_RES_Set();
  220   1              OLED_WR_Byte(0xAE,OLED_CMD);//--turn off oled panel
  221   1              OLED_WR_Byte(0xFD,OLED_CMD);
  222   1              OLED_WR_Byte(0x12,OLED_CMD);
  223   1              OLED_WR_Byte(0xd5,OLED_CMD);//--set display clock divide ratio/oscillator frequency
  224   1              OLED_WR_Byte(0xA0,OLED_CMD);
  225   1              OLED_WR_Byte(0xA8,OLED_CMD);//--set multiplex ratio(1 to 64)
  226   1              OLED_WR_Byte(0x3f,OLED_CMD);//--1/64 duty
  227   1              OLED_WR_Byte(0xD3,OLED_CMD);//-set display offset       Shift Mapping RAM Counter (0x00~0x3F)
  228   1              OLED_WR_Byte(0x00,OLED_CMD);//-not offset
  229   1              OLED_WR_Byte(0x40,OLED_CMD);//--set start line address  Set Mapping RAM Display Start Line (0x00~0x3F)
  230   1              OLED_WR_Byte(0xA1,OLED_CMD);//--Set SEG/Column Mapping     0xa0左右反置 0xa1正常
  231   1              OLED_WR_Byte(0xC8,OLED_CMD);//Set COM/Row Scan Direction   0xc0上下反置 0xc8正常
  232   1              OLED_WR_Byte(0xDA,OLED_CMD);//--set com pins hardware configuration
  233   1              OLED_WR_Byte(0x12,OLED_CMD);
  234   1              OLED_WR_Byte(0x81,OLED_CMD);//--set contrast control register
  235   1              OLED_WR_Byte(0xBF,OLED_CMD);// Set SEG Output Current Brightness
  236   1              OLED_WR_Byte(0xD9,OLED_CMD);//--set pre-charge period
  237   1              OLED_WR_Byte(0x25,OLED_CMD);//Set Pre-Charge as 15 Clocks & Discharge as 1 Clock
  238   1              OLED_WR_Byte(0xDB,OLED_CMD);//--set vcomh
  239   1              OLED_WR_Byte(0x34,OLED_CMD);//Set VCOM Deselect Level
  240   1              OLED_WR_Byte(0xA4,OLED_CMD);// Disable Entire Display On (0xa4/0xa5)
  241   1              OLED_WR_Byte(0xA6,OLED_CMD);// Disable Inverse Display On (0xa6/a7)
  242   1              OLED_Clear();
  243   1              OLED_WR_Byte(0xAF,OLED_CMD);
  244   1      }
  245          
  246          
  247          
  248          


Module Information          Static   Overlayable
------------------------------------------------
  code size            =      3378     ------
  ecode size           =    ------     ------
  data size            =    ------         26
  idata size           =    ------     ------
  pdata size           =    ------     ------
C251 COMPILER V5.60.0,  oled                                                               31/05/23  14:15:56  PAGE 5   

  xdata size           =    ------     ------
  xdata-const size     =    ------     ------
  edata size           =    ------     ------
  bit size             =    ------     ------
  ebit size            =    ------     ------
  bitaddressable size  =    ------     ------
  ebitaddressable size =    ------     ------
  far data size        =    ------     ------
  huge data size       =    ------     ------
  const size           =    ------     ------
  hconst size          =    ------     ------
End of Module Information.


C251 COMPILATION COMPLETE.  0 WARNING(S),  0 ERROR(S)
