C251 COMPILER V5.60.0,  main                                                               13/07/23  21:43:10  PAGE 1   


C251 COMPILER V5.60.0, COMPILATION OF MODULE main
OBJECT MODULE PLACED IN .\Objects\main.obj
COMPILER INVOKED BY: C:\Keil_v5\C251\BIN\C251.EXE main.c LARGE INTR2 BROWSE DEBUG PRINT(.\Listings\main.lst) OBJECT(.\Ob
                    -jects\main.obj) 

stmt  level    source

    1          #include <STC32G.H>
    2          #include "oled.h"
    3          #include <stdio.h>
    4          #include "STC32G_PWM.h"
    5          #define u8 unsigned char
    6          #define u16 unsigned int
    7          #define u32 unsigned long
    8          #define N 10000
    9          #define key P7^0
   10          
   11          u8 zp[50];
   12          u16 b=500;
   13          float f,f_1;
   14          u16 TH1_NOW,TL1_NOW;
   15          char c,TF1_NOW=0;
   16          void Timer1_Init(void)          //2毫秒@24.000MHz  计数器
   17          {
   18   1              TMOD &= 0x0F;                   //设置定时器模式
   19   1              TMOD |= 0x50;                   //设置定时器模式
   20   1              TL1 = 0;                                //设置定时初始值
   21   1              TH1 = 0;                                //设置定时初始值
   22   1              TF1 = 0;                                //清除TF1标志
   23   1              TR1 = 1;                                //定时器0开始计时
   24   1              ET1 = 1;                                //使能定时器1中断
   25   1              
   26   1      }
   27          void Timer0_Isr(void) interrupt 1
   28          {
   29   1                      if(b--==0)
   30   1                      {
   31   2                              TF1_NOW=c;
   32   2                              c=0;
   33   2                              b=500;
   34   2                              TH1_NOW=TH1;
   35   2                              TL1_NOW=TL1;
   36   2                              TH1=0;
   37   2                              TL1=0;  
   38   2                              f=(float)((((TH1_NOW<<8)+TL1_NOW)+(TF1_NOW*65535))*1.00145621805);
   39   2                      }
   40   1                      
   41   1                      
   42   1      }
   43          void Timer1_Isr(void) interrupt 3
   44          {
   45   1              c++;
   46   1      }
   47          
   48          void Timer0_Init(void)          //2毫秒@24.000MHz
   49          {
   50   1              AUXR |= 0x80;                   //定时器时钟1T模式
   51   1              TMOD &= 0xF0;                   //设置定时器模式
   52   1              TL0 = 0x80;                             //设置定时初始值
   53   1              TH0 = 0x44;                             //设置定时初始值
   54   1              TF0 = 0;                                //清除TF0标志
   55   1              TR0 = 1;                                //定时器0开始计时
   56   1              ET0 = 1;                                //使能定时器0中断
   57   1      }
   58          
C251 COMPILER V5.60.0,  main                                                               13/07/23  21:43:10  PAGE 2   

   59          
   60          float filter3()
   61          {
   62   1              float sum = 0;
   63   1              int count;
   64   1              for ( count=0;count<N;count++)
   65   1              {
   66   2                      sum = sum+ f;
   67   2              }
   68   1              return (sum/N);
   69   1      }
   70          void main()
   71          {
   72   1              EA=1;
   73   1      
   74   1              XOSCCR=0xc4;
   75   1              while(XOSCCR&1);
   76   1              CLKDIV=0X00;
   77   1              CLKSEL=0X01;
   78   1              
   79   1              EAXFR=1;
   80   1              CKCON=0X00;
   81   1              WTST=0X00;
   82   1      
   83   1              P3M0 &= ~0xdf; P3M1 &= ~0xdf; 
   84   1              P2M0 = 0xff; P2M1 = 0x00; 
   85   1              P4M0 = 0XFF; P4M1 = 0X00;
   86   1              OLED_Init();
   87   1              Timer0_Init();
   88   1              Timer1_Init();
   89   1              PWM_init();
   90   1              while(1)
   91   1              {
   92   2                      f_1=filter3();
   93   2                      sprintf(zp,"%.3f",f_1);
   94   2                      OLED_ShowString(2,2,zp,8);
   95   2                      delay_ms(1000);
   96   2                      
   97   2              }
   98   1      }


Module Information          Static   Overlayable
------------------------------------------------
  code size            =       428     ------
  ecode size           =    ------     ------
  data size            =    ------     ------
  idata size           =    ------     ------
  pdata size           =    ------     ------
  xdata size           =        66     ------
  xdata-const size     =    ------     ------
  edata size           =    ------     ------
  bit size             =    ------     ------
  ebit size            =    ------     ------
  bitaddressable size  =    ------     ------
  ebitaddressable size =    ------     ------
  far data size        =    ------     ------
  huge data size       =    ------     ------
  const size           =    ------     ------
  hconst size          =        18     ------
End of Module Information.


C251 COMPILATION COMPLETE.  0 WARNING(S),  0 ERROR(S)
