C251 COMPILER V5.60.0,  mian                                                               29/07/23  15:18:34  PAGE 1   


C251 COMPILER V5.60.0, COMPILATION OF MODULE mian
OBJECT MODULE PLACED IN .\Objects\mian.obj
COMPILER INVOKED BY: C:\Keil_v5\C251\BIN\C251.EXE mian.c LARGE INTR2 ROM(HUGE) BROWSE DEBUG PRINT(.\Listings\mian.lst) O
                    -BJECT(.\Objects\mian.obj) 

stmt  level    source

    1          #include <STC32G.H>
    2          #include "DMP.h"
    3          #include "oled.h"
    4          #include "MPU6050.H"
    5          #include "pwm.h"
    6          #include <math.h>
    7          #include "intrins.h"
    8          #include "stdint.h"
    9          #include <stdio.h>
   10          #include "UART.h"
   11          
   12          
   13          char x_angle[50];
   14          char y_angle[50];
   15          char PD_main[50];
   16          
   17          
   18          
   19          float Pitch, Roll;
   20          float  Out,ErrPres,Pias,ErrPres_formerly,ErrPres_lastseen,pd;
   21          float ErrPrev=0;
   22          
   23          
   24          unsigned int PWM1_Duty;
   25          unsigned int PWM2_Duty;
   26          unsigned int PWM3_Duty;
   27          unsigned int PWM4_Duty;
   28          
   29           
   30          ///////////////////////增量式pid
   31          float PIDPro(float Sample, float Position)
   32          {
   33   1              float Kp =0.04;
   34   1              float Ki =0;
   35   1              float Kd =0.009;
   36   1              ErrPres=(Position-Sample);
   37   1              Pias+=ErrPres;//每次误差的总值
   38   1              Out=((ErrPres_formerly-ErrPres)*Kp)+(Pias*Ki)+((ErrPres-2*ErrPres_formerly+     ErrPres_lastseen)*Kd);
   39   1              //输出=（上次误差-这次误差）*p  +   误差的总值*i   +    （误差-2*上次误差+上上次误差）*d
   40   1              ErrPres_formerly=ErrPres;//上次误差
   41   1              ErrPres_lastseen=ErrPres_formerly;//上上次误差
   42   1              if(Out>1000)Out=1000;
   43   1              if(Out<0)Out=0;
   44   1              return Out;
   45   1      }
   46          
   47          ////////////////////////////////////////////////////////////////////////////////////
   48          
   49          
   50          
   51          ///////////////////////////////////////////////////////////////////////////
   52          void main()
   53          {       
   54   1                      
   55   1                      
   56   1              
   57   1              
   58   1                      EAXFR = 1;                              // 使能访问XFR
C251 COMPILER V5.60.0,  mian                                                               29/07/23  15:18:34  PAGE 2   

   59   1                      CKCON = 0x00;                   // 设置外部数据总线为最快
   60   1                      WTST = 0;  
   61   1              
   62   1                      P1M0 = 0xff; P1M1 = 0x00;
   63   1                  P4M0 = 0xff; P4M1 = 0x00; 
   64   1                  P2M0 = 0x00; P2M1 = 0x00;
   65   1                      P3M0 &= ~0xdf; P3M1 &= ~0xdf; 
   66   1              
   67   1                      OLED_Init();
   68   1                      MPU6050_DMP_Init();
   69   1                      PWMA_Init();
   70   1                      UART_init(1,9600,0);
   71   1                      
   72   1              while(1)
   73   1              {
   74   2              
   75   2                      PWM1_Duty=(pd);
   76   2                      UpdatePwm();
   77   2                      Pitch = asin(-2 * Q[1] * Q[3] + 2 * Q[0]* Q[2])* 57.3;  // pitch
   78   2                      Roll  = atan2(2 * Q[2] * Q[3] + 2 * Q[0] * Q[1], -2 * Q[1] * Q[1] - 2 * Q[2]* Q[2] + 1)* 57.3;  // roll
   79   2                      //Yaw   = atan2(2 * (Q[1] * Q[2] + Q[0] * Q[3]), Q[0] * Q[0] + Q[1] * Q[1] - Q[2] * Q[2] - Q[3] * Q[3])
             - * 57.3;        //yaw
   80   2              
   81   2                      MPU6050_Refresh_DMP();
   82   2                      sprintf(x_angle,"%.3f",Pitch);
   83   2                      OLED_ShowString(0,0,x_angle,8);
   84   2                      sprintf(y_angle,"%.3f",Roll);
   85   2                      OLED_ShowString(0,1,y_angle,8);
   86   2                      pd=PIDPro(Roll,110-5);
   87   2                      sprintf(PD_main,"%.3f\n",pd);
   88   2                      OLED_ShowString(0,2,PD_main,8);
   89   2                      UART_Send_string(1,PD_main);
   90   2                      
   91   2                      
   92   2      
   93   2              }
   94   1      }
   95          
   96          
   97          
   98          
   99          
  100          


Module Information          Static   Overlayable
------------------------------------------------
  code size            =    ------     ------
  ecode size           =       792     ------
  data size            =    ------     ------
  idata size           =    ------     ------
  pdata size           =    ------     ------
  xdata size           =       194     ------
  xdata-const size     =    ------     ------
  edata size           =    ------     ------
  bit size             =    ------     ------
  ebit size            =    ------     ------
  bitaddressable size  =    ------     ------
  ebitaddressable size =    ------     ------
  far data size        =    ------     ------
  huge data size       =    ------     ------
  const size           =    ------     ------
  hconst size          =        20     ------
End of Module Information.


C251 COMPILATION COMPLETE.  0 WARNING(S),  0 ERROR(S)
