C251 COMPILER V5.60.0,  zf_uart                                                            15/06/23  23:59:17  PAGE 1   


C251 COMPILER V5.60.0, COMPILATION OF MODULE zf_uart
OBJECT MODULE PLACED IN .\Objects\zf_uart.obj
COMPILER INVOKED BY: C:\Keil_v5\C251\BIN\C251.EXE zf_uart.c LARGE INTR2 ROM(HUGE) BROWSE DEBUG PRINT(.\Listings\zf_uart.
                    -lst) OBJECT(.\Objects\zf_uart.obj) 

stmt  level    source

    1          /********************************************************************************************************
             -*************
    2           * COPYRIGHT NOTICE
    3           * Copyright (c) 2020,逐飞科技
    4           * All rights reserved.
    5           * 技术讨论QQ群：一群：179029047(已满)  二群：244861897(已满)  三群：824575535
    6           *
    7           * 以下所有内容版权均属逐飞科技所有，未经允许不得用于商业用途，
    8           * 欢迎各位使用并传播本程序，修改内容时必须保留逐飞科技的版权声明。
    9           *
   10           * @file                uart
   11           * @company                     成都逐飞科技有限公司
   12           * @author              逐飞科技(QQ790875685)
   13           * @version             查看doc内version文件 版本说明
   14           * @Software            MDK FOR C251 V5.60
   15           * @Target core         STC32G12K128
   16           * @Taobao              https://seekfree.taobao.com/
   17           * @date                2020-4-14
   18           ********************************************************************************************************
             -************/
   19          
   20          #include "zf_uart.h"
*** WARNING C317 IN LINE 25 OF zf_uart.h: attempt to redefine macro 'unsigned'
*** WARNING C34 IN LINE 88 OF zf_uart.h: 'uart1_tx_buff': missing declaration specifiers
*** ERROR C42 IN LINE 88 OF zf_uart.h: 'uart1_tx_buff': not in formal parameter list
*** ERROR C29 IN LINE 89 OF zf_uart.h: formal/parameter has illegal storage class
*** ERROR C33 IN LINE 89 OF zf_uart.h: 'uint8': invalid storage class
*** ERROR C25 IN LINE 89 OF zf_uart.h: syntax error near 'uart1_rx_buff'
*** ERROR C33 IN LINE 89 OF zf_uart.h: 'uart1_rx_buff': invalid storage class
*** ERROR C29 IN LINE 90 OF zf_uart.h: formal/parameter has illegal storage class
*** ERROR C33 IN LINE 90 OF zf_uart.h: 'uint8': invalid storage class
*** ERROR C25 IN LINE 90 OF zf_uart.h: syntax error near 'busy'
*** ERROR C33 IN LINE 90 OF zf_uart.h: 'busy': invalid storage class
*** ERROR C25 IN LINE 93 OF zf_uart.h: syntax error near 'baud'
*** ERROR C42 IN LINE 93 OF zf_uart.h: 'uart_init': not in formal parameter list
*** ERROR C25 IN LINE 94 OF zf_uart.h: syntax error near 'dat'
*** ERROR C42 IN LINE 94 OF zf_uart.h: 'uart_putchar': not in formal parameter list
*** ERROR C25 IN LINE 95 OF zf_uart.h: syntax error near '*'
*** ERROR C42 IN LINE 95 OF zf_uart.h: 'uart_putstr': not in formal parameter list
*** ERROR C25 IN LINE 96 OF zf_uart.h: syntax error near '*'
*** ERROR C42 IN LINE 96 OF zf_uart.h: 'uart_putbuff': not in formal parameter list
   21          
   22          uint8 busy[5];                           //接收忙标志位
*** WARNING C34 IN LINE 22 OF zf_uart.c: 'uint8': missing declaration specifiers
*** ERROR C42 IN LINE 22 OF zf_uart.c: 'uint8': not in formal parameter list
*** ERROR C25 IN LINE 22 OF zf_uart.c: syntax error near 'busy'
*** WARNING C34 IN LINE 22 OF zf_uart.c: 'busy': missing declaration specifiers
*** ERROR C42 IN LINE 22 OF zf_uart.c: 'busy': not in formal parameter list
   23          
   24          uint8 uart1_tx_buff[UART1_TX_BUFFER_SIZE];      //发送缓冲
*** WARNING C34 IN LINE 24 OF zf_uart.c: 'uint8': missing declaration specifiers
*** ERROR C42 IN LINE 24 OF zf_uart.c: 'uint8': not in formal parameter list
*** ERROR C25 IN LINE 24 OF zf_uart.c: syntax error near 'uart1_tx_buff'
*** WARNING C34 IN LINE 24 OF zf_uart.c: 'uart1_tx_buff': missing declaration specifiers
*** ERROR C42 IN LINE 24 OF zf_uart.c: 'uart1_tx_buff': not in formal parameter list
   25          uint8 uart1_rx_buff[UART1_RX_BUFFER_SIZE];      //接收缓冲
*** WARNING C34 IN LINE 25 OF zf_uart.c: 'uint8': missing declaration specifiers
*** ERROR C42 IN LINE 25 OF zf_uart.c: 'uint8': not in formal parameter list
C251 COMPILER V5.60.0,  zf_uart                                                            15/06/23  23:59:17  PAGE 2   

*** ERROR C25 IN LINE 25 OF zf_uart.c: syntax error near 'uart1_rx_buff'
*** WARNING C34 IN LINE 25 OF zf_uart.c: 'uart1_rx_buff': missing declaration specifiers
*** ERROR C42 IN LINE 25 OF zf_uart.c: 'uart1_rx_buff': not in formal parameter list
   26          
   27          
   28          //-------------------------------------------------------------------------------------------------------
             -------------
   29          //  @brief      串口初始化
   30          //  @param      uart_n          串口模块号(USART_1,USART_2,USART_3,USART_4)
   31          //  @param      uart_rx_pin     串口接收引脚
   32          //  @param      uart_tx_pin     串口发送引脚
   33          //  @param      baud                    串口波特率
   34          //  @param      tim_n                   使用tim_n作为串口波特率发生器(TIM1-TIM4)
   35          //  @return     NULL            
   36          //  Sample usage:               uart_init(UART_1, UART1_RX_P30, UART1_TX_P31, 115200, TIM_2);        //初
             -始化串口1 波特率115200 发送引脚使用P31 接收引脚使用P30 ,使用定时器2作为波特率发生器
   37          //  @note                       串口1使用 定时器1或者定时器2 作为波特率发生器。
   38          //                                                              串口2使用 定时器2                        作为波特率发生器。
   39          //                                                              串口3使用 定时器3或者定时器2 作为波特率发生器。
   40          //                                                              串口4使用 定时器4或者定时器2 作为波特率发生器。
   41          //                              STC32G仅有 定时器0-定时器4，这5个定时器。
   42          //                                                              编码器采集数据也需要定时器作为外部计数。
   43          //                                                              如果不同的串口，使用同一个定时器，串口的波特率以最后一个初始化为准
   44          //-------------------------------------------------------------------------------------------------------
             -------------
   45          void uart_init(UARTN_enum uart_n, UARTPIN_enum uart_rx_pin, UARTPIN_enum uart_tx_pin, uint32 baud, TIMN_e
             -num tim_n)
*** ERROR C25 IN LINE 45 OF zf_uart.c: syntax error near 'baud'
   46          {
*** ERROR C42 IN LINE 46 OF zf_uart.c: 'uart_init': not in formal parameter list
   47              uint16 brt;
   48          
   49                  brt = (uint16)(65536 - (sys_clk/baud/4));
   50          
   51          
   52                  switch(uart_n)
   53                  {
   54                          case UART_1:
   55                          {
   56                                  if(TIM_1 == tim_n)
   57                                  {
   58                                          SCON |= 0x50;
   59                                          TMOD |= 0x00;
   60                                          TL1 = brt;
   61                                          TH1 = brt >> 8;
   62                                          AUXR |= 0x40;
   63                                          TR1 = 1;
   64                                          busy[1] = 0;
   65                                  }
   66                                  else if(TIM_2 == tim_n)
   67                                  {
   68                                          SCON |= 0x50;
   69                                          T2L = brt;
   70                                          T2H = brt >> 8;
   71                                          AUXR |= 0x15;
   72                                  }
   73                                  P_SW1 &= ~(0x03<<6);
   74                                  if((UART1_RX_P30 == uart_rx_pin) && (UART1_TX_P31 == uart_tx_pin))
   75                                  {
   76                                          P_SW1 |= 0x00;
   77                                  }
   78                                  else if((UART1_RX_P36 == uart_rx_pin) && (UART1_TX_P37 == uart_tx_pin))
   79                                  {
   80                                          P_SW1 |= 0x40;
   81                                  }
   82                                  else if((UART1_RX_P16 == uart_rx_pin) && (UART1_TX_P17 == uart_tx_pin))
C251 COMPILER V5.60.0,  zf_uart                                                            15/06/23  23:59:17  PAGE 3   

   83                                  {
   84                                          P_SW1 |= 0x80;
   85                                  }
   86                                  else if((UART1_RX_P43 == uart_rx_pin) && (UART1_TX_P44 == uart_tx_pin))
   87                                  {
   88                                          P_SW1 |= 0xc0;
   89                                  }
   90                                  busy[1] = 0;
   91                                  ES = 1;
   92                                  break;
   93                          }
   94                          
   95                          case UART_2:
   96                          {
   97                                  if(TIM_2 == tim_n)
   98                                  {
   99                                          S2CON |= 0x50;
  100                                          T2L = brt;
  101                                          T2H = brt >> 8;
  102                                          AUXR |= 0x14;
  103                                  }
  104                                  
  105                                  P_SW2 &= ~(0x01<<0);
  106                                  if((UART2_RX_P10 == uart_rx_pin) && (UART2_TX_P11 == uart_tx_pin))
  107                                  {
  108                                          P_SW2 |= 0x00;
  109                                  }
  110                                  else if((UART2_RX_P46 == uart_rx_pin) && (UART2_TX_P47 == uart_tx_pin))
  111                                  {
  112                                          P_SW2 |= 0x01;
  113                                  }
  114                                  
  115                                  IE2 |= 0x01 << 0;       //允许串行口2中断
  116                                  busy[2] = 0;
  117                                  break;
  118                          }
  119                          
  120                          case UART_3:
  121                          {
  122                                  if(TIM_2 == tim_n)
  123                                  {
  124                                          S3CON |= 0x10;
  125                                          T2L = brt;
  126                                          T2H = brt >> 8;
  127                                          AUXR |= 0x14;
  128                                  }
  129                                  else if(TIM_3 == tim_n)
  130                                  {
  131                                          S3CON |= 0x50;
  132                                          T3L = brt;
  133                                          T3H = brt >> 8;
  134                                          T4T3M |= 0x0a;
  135                                  }
  136                                  
  137                                  P_SW2 &= ~(0x01<<1);
  138                                  if((UART3_RX_P00 == uart_rx_pin) && (UART3_TX_P01 == uart_tx_pin))
  139                                  {
  140                                          P_SW2 |= 0x00;
  141                                  }
  142                                  else if((UART3_RX_P50 == uart_rx_pin) && (UART3_TX_P51 == uart_tx_pin))
  143                                  {
  144                                          P_SW2 |= 0x02;
  145                                  }
  146                                  
  147                                  IE2 |= 0x01<<3; //允许串行口3中断
  148                                  busy[3] = 0;
C251 COMPILER V5.60.0,  zf_uart                                                            15/06/23  23:59:17  PAGE 4   

  149                                  break;
  150                          }
  151                          
  152                          case UART_4:
  153                          {
  154                                  if(TIM_2 == tim_n)
  155                                  {
  156                                          S4CON |= 0x10;
  157                                          T2L = brt;
  158                                          T2H = brt >> 8;
  159                                          AUXR |= 0x14;
  160                                  }
  161                                  else if(TIM_4 == tim_n)
  162                                  {
  163                                          S4CON |= 0x50;
  164                                          T4L = brt;
  165                                          T4H = brt >> 8;
  166                                          T4T3M |= 0xa0;
  167                                  }
  168          
  169                                  P_SW2 &= ~(0x01<<2);
  170                                  if((UART4_RX_P02 == uart_rx_pin) && (UART4_TX_P03 == uart_tx_pin))
  171                                  {
  172                                          P_SW2 |= 0x00;
  173                                  }
  174                                  else if((UART4_RX_P52 == uart_rx_pin) && (UART4_TX_P53 == uart_tx_pin))
  175                                  {
  176                                          P5M0 = 0x00;
  177                                          P5M1 = 0x01<<2;//P5.2 需要设置为高阻
  178                                          P_SW2 |= 0x04;
  179                                  }
  180                                  IE2 |= 0x01<<4; //允许串行口4中断
  181                                  busy[4] = 0;
  182                                  break;
  183                          }
  184                          
  185                  }
  186          
  187          }
  188          
  189          //-------------------------------------------------------------------------------------------------------
             -------------
  190          //  @brief      串口字节输出
  191          //  @param      uart_n          串口模块号(USART_1,USART_2,USART_3,USART_4)
  192          //  @param      dat             需要发送的字节
  193          //  @return     void        
  194          //  Sample usage:               uart_putchar(UART_1,0xA5);       // 串口1发送0xA5
  195          //-------------------------------------------------------------------------------------------------------
             -------------
  196          void uart_putchar(UARTN_enum uart_n,uint8 dat)
  197          {
  198                  switch(uart_n)
  199                  {
  200                          case UART_1:
  201                                  while (busy[1]);
  202                                  busy[1] = 1;
  203                                  SBUF = dat;
  204                              break;
  205                          case UART_2:
  206                                  while (busy[2]);
  207                                  busy[2] = 1;
  208                                  S2BUF = dat;
  209                              break;
  210                          case UART_3:
  211                                  while (busy[3]);
  212                                  busy[3] = 1;
C251 COMPILER V5.60.0,  zf_uart                                                            15/06/23  23:59:17  PAGE 5   

  213                                  S3BUF = dat;
  214                              break;
  215                          case UART_4:
  216                                  while (busy[4]);
  217                                  busy[4] = 1;
  218                                  S4BUF = dat;
  219                              break;
  220                  }
  221          }
  222          
  223          
  224          //-------------------------------------------------------------------------------------------------------
             -------------
  225          //  @brief      串口发送数组
  226          //  @param      uart_n          串口模块号(USART_1,USART_2,USART_3,USART_4)
  227          //  @param      *buff           要发送的数组地址
  228          //  @param      len             发送长度
  229          //  @return     void
  230          //  Sample usage:               uart_putbuff(UART_1,&a[0],5);
  231          //-------------------------------------------------------------------------------------------------------
             -------------
  232          void uart_putbuff(UARTN_enum uart_n,uint8 *p,uint16 len)
*** ERROR C42 IN LINE 232 OF zf_uart.c: 'p': not in formal parameter list
*** ERROR C42 IN LINE 232 OF zf_uart.c: 'uint16': not in formal parameter list
*** ERROR C25 IN LINE 232 OF zf_uart.c: syntax error near 'len'
*** ERROR C7 IN LINE 232 OF zf_uart.c: compilation aborted

C251 COMPILATION COMPLETE.  8 WARNING(S),  32 ERROR(S)
