C251 COMPILER V5.60.0,  main                                                               15/07/23  18:58:41  PAGE 1   


C251 COMPILER V5.60.0, COMPILATION OF MODULE main
OBJECT MODULE PLACED IN .\Objects\main.obj
COMPILER INVOKED BY: C:\Keil_v5\C251\BIN\C251.EXE main.c LARGE INTR2 BROWSE DEBUG PRINT(.\Listings\main.lst) OBJECT(.\Ob
                    -jects\main.obj) 

stmt  level    source

    1          #include <STC32G.H>
    2          #include "pwm.h"
    3          
    4          unsigned int PWM1_Duty=100;//高点平的持续时间，用于改变占空比
    5          void main()
    6          {
    7   1              PWM_Init();
    8   1              UpdatePwm();
    9   1              while(1)
   10   1              {
   11   2                      
   12   2              }
   13   1      }


Module Information          Static   Overlayable
------------------------------------------------
  code size            =         8     ------
  ecode size           =    ------     ------
  data size            =    ------     ------
  idata size           =    ------     ------
  pdata size           =    ------     ------
  xdata size           =         2     ------
  xdata-const size     =    ------     ------
  edata size           =    ------     ------
  bit size             =    ------     ------
  ebit size            =    ------     ------
  bitaddressable size  =    ------     ------
  ebitaddressable size =    ------     ------
  far data size        =    ------     ------
  huge data size       =    ------     ------
  const size           =    ------     ------
  hconst size          =         7     ------
End of Module Information.


C251 COMPILATION COMPLETE.  0 WARNING(S),  0 ERROR(S)
