C251 COMPILER V5.60.0,  main                                                               15/07/23  19:47:22  PAGE 1   


C251 COMPILER V5.60.0, COMPILATION OF MODULE main
OBJECT MODULE PLACED IN .\Objects\main.obj
COMPILER INVOKED BY: C:\Keil_v5\C251\BIN\C251.EXE main.c LARGE INTR2 BROWSE DEBUG PRINT(.\Listings\main.lst) OBJECT(.\Ob
                    -jects\main.obj) 

stmt  level    source

    1          #include <STC32G.H>
    2          #include <stdio.h>
    3          char count=0;
    4          bit INT0_judge=0;
    5          char time_series[]={0XA0,0X50,0X28,0X14,0X0A,0X05,0X82,0X41};
    6          void main()
    7          {
    8   1              
    9   1              EAXFR=1;
   10   1              CKCON=0X00;
   11   1              WTST=0X00;
   12   1              
   13   1              P6M0 = 0x00; P6M1 = 0x00; 
   14   1      
   15   1              IT0 = 0;      
   16   1              EX0 = 1;      //打开外部中断1
   17   1              EA=1;
   18   1              while(1)
   19   1              {
   20   2                      P6=time_series[count];
   21   2              }
   22   1      }
   23          
   24          
   25          void INT0_Routine() interrupt 0
   26          {
   27   1              if(INT0_judge==0)
   28   1              {
   29   2                      INT0_judge=1;
   30   2                      count++;
   31   2                      if(count>=8)
   32   2                      {
   33   3                              count=0;
   34   3                      }
   35   2              }
   36   1              else if(INT0_judge==1)
   37   1              {
   38   2                      INT0_judge=0;
   39   2              }
   40   1      }
   41          


Module Information          Static   Overlayable
------------------------------------------------
  code size            =       105     ------
  ecode size           =    ------     ------
  data size            =    ------     ------
  idata size           =    ------     ------
  pdata size           =    ------     ------
  xdata size           =         9     ------
  xdata-const size     =    ------     ------
  edata size           =    ------     ------
  bit size             =         1     ------
  ebit size            =    ------     ------
  bitaddressable size  =    ------     ------
  ebitaddressable size =    ------     ------
  far data size        =    ------     ------
  huge data size       =    ------     ------
C251 COMPILER V5.60.0,  main                                                               15/07/23  19:47:22  PAGE 2   

  const size           =    ------     ------
  hconst size          =        19     ------
End of Module Information.


C251 COMPILATION COMPLETE.  0 WARNING(S),  0 ERROR(S)
